TN:
SF:C:\work\workspace\IdeaProjects\JS Test Workshop\game.js
FN:22,play
FN:51,move
FNF:2
FNH:2
FNDA:22,play
FNDA:26,move
DA:2,1
DA:8,1
DA:15,1
DA:17,1
DA:22,1
DA:23,22
DA:25,18
DA:26,18
DA:27,18
DA:28,17
DA:29,17
DA:30,17
DA:31,17
DA:33,18
DA:35,1
DA:36,1
DA:38,1
DA:39,1
DA:41,1
DA:42,1
DA:44,1
DA:45,1
DA:51,1
DA:52,26
DA:54,3
DA:55,2
DA:57,3
DA:59,2
DA:60,1
DA:62,2
DA:64,2
DA:65,1
DA:67,2
DA:69,2
DA:70,1
DA:72,2
DA:76,1
DA:77,1
DA:78,1
DA:79,1
LF:40
LH:40
BRDA:23,0,0,18
BRDA:23,0,1,1
BRDA:23,0,2,1
BRDA:23,0,3,1
BRDA:23,0,4,1
BRDA:27,1,0,17
BRDA:27,1,1,1
BRDA:27,2,0,18
BRDA:27,2,1,17
BRDA:27,2,2,17
BRDA:27,2,3,17
BRDA:51,3,0,17
BRDA:52,4,0,3
BRDA:52,4,1,2
BRDA:52,4,2,2
BRDA:52,4,3,2
BRDA:54,5,0,2
BRDA:54,5,1,1
BRDA:59,6,0,1
BRDA:59,6,1,1
BRDA:64,7,0,1
BRDA:64,7,1,1
BRDA:69,8,0,1
BRDA:69,8,1,1
BRF:24
BRH:24
end_of_record
